Using pre-set license
Built from '2022.3/staging' branch; Version is '2022.3.8f1 (b5eafc012955) revision 11922172'; Using compiler version '192829333'; Build Type 'Release'
OS: 'Windows 11  (10.0.22631) 64bit Professional' Language: 'en' Physical Memory: 31863 MB
BatchMode: 1, IsHumanControllingUs: 0, StartBugReporterOnCrash: 0, Is64bit: 1, IsPro: 1

COMMAND LINE ARGUMENTS:
C:\Program Files\Unity\Hub\Editor\2022.3.8f1\Editor\Unity.exe
-adb2
-batchMode
-noUpm
-name
AssetImportWorker8
-projectPath
C:/Users/Diego Arriaga/Documents/GitHub/RetroRider/Wave Riders
-logFile
Logs/AssetImportWorker8.log
-srvPort
63539
Successfully changed project path to: C:/Users/Diego Arriaga/Documents/GitHub/RetroRider/Wave Riders
C:/Users/Diego Arriaga/Documents/GitHub/RetroRider/Wave Riders
[UnityMemory] Configuration Parameters - Can be set up in boot.config
    "memorysetup-bucket-allocator-granularity=16"
    "memorysetup-bucket-allocator-bucket-count=8"
    "memorysetup-bucket-allocator-block-size=33554432"
    "memorysetup-bucket-allocator-block-count=8"
    "memorysetup-main-allocator-block-size=16777216"
    "memorysetup-thread-allocator-block-size=16777216"
    "memorysetup-gfx-main-allocator-block-size=16777216"
    "memorysetup-gfx-thread-allocator-block-size=16777216"
    "memorysetup-cache-allocator-block-size=4194304"
    "memorysetup-typetree-allocator-block-size=2097152"
    "memorysetup-profiler-bucket-allocator-granularity=16"
    "memorysetup-profiler-bucket-allocator-bucket-count=8"
    "memorysetup-profiler-bucket-allocator-block-size=33554432"
    "memorysetup-profiler-bucket-allocator-block-count=8"
    "memorysetup-profiler-allocator-block-size=16777216"
    "memorysetup-profiler-editor-allocator-block-size=1048576"
    "memorysetup-temp-allocator-size-main=16777216"
    "memorysetup-job-temp-allocator-block-size=2097152"
    "memorysetup-job-temp-allocator-block-size-background=1048576"
    "memorysetup-job-temp-allocator-reduction-small-platforms=262144"
    "memorysetup-allocator-temp-initial-block-size-main=262144"
    "memorysetup-allocator-temp-initial-block-size-worker=262144"
    "memorysetup-temp-allocator-size-background-worker=32768"
    "memorysetup-temp-allocator-size-job-worker=262144"
    "memorysetup-temp-allocator-size-preload-manager=33554432"
    "memorysetup-temp-allocator-size-nav-mesh-worker=65536"
    "memorysetup-temp-allocator-size-audio-worker=65536"
    "memorysetup-temp-allocator-size-cloud-worker=32768"
    "memorysetup-temp-allocator-size-gi-baking-worker=262144"
    "memorysetup-temp-allocator-size-gfx=262144"
Player connection [52244] Host "[IP] 192.168.0.102 [Port] 0 [Flags] 2 [Guid] 4165228184 [EditorId] 4165228184 [Version] 1048832 [Id] WindowsEditor(7,Monster) [Debug] 1 [PackageName] WindowsEditor [ProjectName] Editor" joined multi-casting on [225.0.0.222:54997]...

Player connection [52244] Host "[IP] 192.168.0.102 [Port] 0 [Flags] 2 [Guid] 4165228184 [EditorId] 4165228184 [Version] 1048832 [Id] WindowsEditor(7,Monster) [Debug] 1 [PackageName] WindowsEditor [ProjectName] Editor" joined alternative multi-casting on [225.0.0.222:34997]...

[Physics::Module] Initialized MultithreadedJobDispatcher with 31 workers.
Refreshing native plugins compatible for Editor in 7.41 ms, found 3 plugins.
Preloading 0 native plugins for Editor in 0.00 ms.
Initialize engine version: 2022.3.8f1 (b5eafc012955)
[Subsystems] Discovering subsystems at path C:/Program Files/Unity/Hub/Editor/2022.3.8f1/Editor/Data/Resources/UnitySubsystems
[Subsystems] Discovering subsystems at path C:/Users/Diego Arriaga/Documents/GitHub/RetroRider/Wave Riders/Assets
GfxDevice: creating device client; threaded=0; jobified=0
Direct3D:
    Version:  Direct3D 11.0 [level 11.1]
    Renderer: NVIDIA GeForce RTX 4090 (ID=0x2684)
    Vendor:   NVIDIA
    VRAM:     24142 MB
    Driver:   32.0.15.6094
Initialize mono
Mono path[0] = 'C:/Program Files/Unity/Hub/Editor/2022.3.8f1/Editor/Data/Managed'
Mono path[1] = 'C:/Program Files/Unity/Hub/Editor/2022.3.8f1/Editor/Data/MonoBleedingEdge/lib/mono/unityjit-win32'
Mono config path = 'C:/Program Files/Unity/Hub/Editor/2022.3.8f1/Editor/Data/MonoBleedingEdge/etc'
Using monoOptions --debugger-agent=transport=dt_socket,embedding=1,server=y,suspend=n,address=127.0.0.1:56956
Begin MonoManager ReloadAssembly
Registering precompiled unity dll's ...
Register platform support module: C:/Program Files/Unity/Hub/Editor/2022.3.8f1/Editor/Data/PlaybackEngines/WindowsStandaloneSupport/UnityEditor.WindowsStandalone.Extensions.dll
Registered in 0.007516 seconds.
- Loaded All Assemblies, in  0.305 seconds
Native extension for WindowsStandalone target not found
Mono: successfully reloaded assembly
- Finished resetting the current domain, in  0.178 seconds
Domain Reload Profiling: 480ms
	BeginReloadAssembly (123ms)
		ExecutionOrderSort (0ms)
		DisableScriptedObjects (0ms)
		BackupInstance (0ms)
		ReleaseScriptingObjects (0ms)
		CreateAndSetChildDomain (1ms)
	RebuildCommonClasses (25ms)
	RebuildNativeTypeToScriptingClass (11ms)
	initialDomainReloadingComplete (47ms)
	LoadAllAssembliesAndSetupDomain (97ms)
		LoadAssemblies (118ms)
		RebuildTransferFunctionScriptingTraits (0ms)
		AnalyzeDomain (95ms)
			TypeCache.Refresh (94ms)
				TypeCache.ScanAssembly (84ms)
			ScanForSourceGeneratedMonoScriptInfo (0ms)
			ResolveRequiredComponents (0ms)
	FinalizeReload (178ms)
		ReleaseScriptCaches (0ms)
		RebuildScriptCaches (0ms)
		SetupLoadedEditorAssemblies (138ms)
			LogAssemblyErrors (0ms)
			InitializePlatformSupportModulesInManaged (7ms)
			SetLoadedEditorAssemblies (5ms)
			RefreshPlugins (0ms)
			BeforeProcessingInitializeOnLoad (1ms)
			ProcessInitializeOnLoadAttributes (90ms)
			ProcessInitializeOnLoadMethodAttributes (33ms)
			AfterProcessingInitializeOnLoad (0ms)
			EditorAssembliesLoaded (0ms)
		ExecutionOrderSort2 (0ms)
		AwakeInstancesAfterBackupRestoration (0ms)
========================================================================
Worker process is ready to serve import requests
Begin MonoManager ReloadAssembly
- Loaded All Assemblies, in  0.593 seconds
Refreshing native plugins compatible for Editor in 4.79 ms, found 3 plugins.
Native extension for WindowsStandalone target not found
Mono: successfully reloaded assembly
- Finished resetting the current domain, in  0.433 seconds
Domain Reload Profiling: 1023ms
	BeginReloadAssembly (119ms)
		ExecutionOrderSort (0ms)
		DisableScriptedObjects (3ms)
		BackupInstance (0ms)
		ReleaseScriptingObjects (0ms)
		CreateAndSetChildDomain (18ms)
	RebuildCommonClasses (23ms)
	RebuildNativeTypeToScriptingClass (8ms)
	initialDomainReloadingComplete (33ms)
	LoadAllAssembliesAndSetupDomain (407ms)
		LoadAssemblies (335ms)
		RebuildTransferFunctionScriptingTraits (0ms)
		AnalyzeDomain (147ms)
			TypeCache.Refresh (126ms)
				TypeCache.ScanAssembly (115ms)
			ScanForSourceGeneratedMonoScriptInfo (14ms)
			ResolveRequiredComponents (5ms)
	FinalizeReload (434ms)
		ReleaseScriptCaches (0ms)
		RebuildScriptCaches (0ms)
		SetupLoadedEditorAssemblies (330ms)
			LogAssemblyErrors (0ms)
			InitializePlatformSupportModulesInManaged (4ms)
			SetLoadedEditorAssemblies (2ms)
			RefreshPlugins (0ms)
			BeforeProcessingInitializeOnLoad (42ms)
			ProcessInitializeOnLoadAttributes (265ms)
			ProcessInitializeOnLoadMethodAttributes (11ms)
			AfterProcessingInitializeOnLoad (7ms)
			EditorAssembliesLoaded (0ms)
		ExecutionOrderSort2 (0ms)
		AwakeInstancesAfterBackupRestoration (4ms)
Launched and connected shader compiler UnityShaderCompiler.exe after 0.06 seconds
Refreshing native plugins compatible for Editor in 5.68 ms, found 3 plugins.
Preloading 0 native plugins for Editor in 0.00 ms.
Unloading 3710 Unused Serialized files (Serialized files now loaded: 0)
Unloading 49 unused Assets / (130.5 KB). Loaded Objects now: 4176.
Memory consumption went from 132.8 MB to 132.6 MB.
Total: 4.034600 ms (FindLiveObjects: 0.455300 ms CreateObjectMapping: 0.097700 ms MarkObjects: 3.349000 ms  DeleteObjects: 0.131800 ms)

AssetImportParameters requested are different than current active one (requested -> active):
  custom:container-demuxer-ogg: 62fdf1f143b41e24485cea50d1cbac27 -> 
  custom:video-codec-MediaFoundation-h265: 746d11721c4dcdbdad8f713fa42b33f4 -> 
  custom:video-decoder-ogg-theora: a1e56fd34408186e4bbccfd4996cb3dc -> 
  custom:framework-win-MediaFoundation: 216162199b28c13a410421893ffa2e32 -> 
  custom:CustomObjectIndexerAttribute: 756ad292c208cfabdd7b50bc23989ffe -> 
  custom:container-demuxer-webm: 4f35f7cbe854078d1ac9338744f61a02 -> 
  custom:container-muxer-webm: aa71ff27fc2769a1b78a27578f13a17b -> 
  custom:video-decoder-webm-vp8: 9c59270c3fd7afecdb556c50c9e8de78 -> 
  custom:SearchIndexIgnoredProperties: e643bd26f0fe6173181afceb89e7c659 -> 
  custom:AudioImporter_EditorPlatform: d09bf68614088b80899f8185d706f6e7 -> 
  custom:video-encoder-webm-vp8: eb34c28f22e8b96e1ab97ce403110664 -> 
  custom:audio-decoder-ogg-vorbis: bf7c407c2cedff20999df2af8eb42d56 -> 
  custom:audio-encoder-webm-vorbis: bf7c407c2cedff20999df2af8eb42d56 -> 
========================================================================
Received Import Request.
  Time since last request: 100176.960032 seconds.
  path: Assets/Prefabs/DeLorean_DMC12__Retro_wave_art 1/0/details_baseColor.jpg
  artifactKey: Guid(b531aa4f6c3a7a7429cd4793306d14f1) Importer(815301076,1909f56bfc062723c751e8b465ee728b)
Start importing Assets/Prefabs/DeLorean_DMC12__Retro_wave_art 1/0/details_baseColor.jpg using Guid(b531aa4f6c3a7a7429cd4793306d14f1) Importer(815301076,1909f56bfc062723c751e8b465ee728b)  -> (artifact id: 'd1e05a3196468d7eae65f5cdb3b86a5a') in 0.042650 seconds
Number of updated asset objects reloaded before import = 0
Number of asset objects unloaded after import = 2
========================================================================
Received Import Request.
  Time since last request: 0.000017 seconds.
  path: Assets/Prefabs/DeLorean_DMC12__Retro_wave_art 1/0/material_8_baseColor.jpg
  artifactKey: Guid(09bbcc7b5a1e15e42a854c8fb97897bf) Importer(815301076,1909f56bfc062723c751e8b465ee728b)
Start importing Assets/Prefabs/DeLorean_DMC12__Retro_wave_art 1/0/material_8_baseColor.jpg using Guid(09bbcc7b5a1e15e42a854c8fb97897bf) Importer(815301076,1909f56bfc062723c751e8b465ee728b)  -> (artifact id: '6dbe47f507b5250ad0576a926a60b835') in 0.031583 seconds
Number of updated asset objects reloaded before import = 0
Number of asset objects unloaded after import = 2
========================================================================
Received Import Request.
  Time since last request: 0.000013 seconds.
  path: Assets/Prefabs/DeLorean_DMC12__Retro_wave_art 1/0/mountains_baseColor.jpg
  artifactKey: Guid(b2eebb13f68b2b54d9479dd6055fb174) Importer(815301076,1909f56bfc062723c751e8b465ee728b)
Start importing Assets/Prefabs/DeLorean_DMC12__Retro_wave_art 1/0/mountains_baseColor.jpg using Guid(b2eebb13f68b2b54d9479dd6055fb174) Importer(815301076,1909f56bfc062723c751e8b465ee728b)  -> (artifact id: '0cd7894cfd3174c3cb7c0a2ae3755ac7') in 0.020992 seconds
Number of updated asset objects reloaded before import = 0
Number of asset objects unloaded after import = 2
========================================================================
Received Import Request.
  Time since last request: 0.000022 seconds.
  path: Assets/Prefabs/DeLorean_DMC12__Retro_wave_art 1/0/details_normal.jpg
  artifactKey: Guid(fe6e522fea1da7c418dd2dd311dbdc19) Importer(815301076,1909f56bfc062723c751e8b465ee728b)
Start importing Assets/Prefabs/DeLorean_DMC12__Retro_wave_art 1/0/details_normal.jpg using Guid(fe6e522fea1da7c418dd2dd311dbdc19) Importer(815301076,1909f56bfc062723c751e8b465ee728b)  -> (artifact id: '217362058b35ce08908423888155204b') in 0.014109 seconds
Number of updated asset objects reloaded before import = 0
Number of asset objects unloaded after import = 2
========================================================================
Received Import Request.
  Time since last request: 0.000051 seconds.
  path: Assets/Prefabs/DeLorean_DMC12__Retro_wave_art 1/0/wheels_normal.jpg
  artifactKey: Guid(748e6545b9cf3e3468707f4478c4ae36) Importer(815301076,1909f56bfc062723c751e8b465ee728b)
Start importing Assets/Prefabs/DeLorean_DMC12__Retro_wave_art 1/0/wheels_normal.jpg using Guid(748e6545b9cf3e3468707f4478c4ae36) Importer(815301076,1909f56bfc062723c751e8b465ee728b)  -> (artifact id: '2b9ba18ea38a4c88a0fd6b2eebbe3644') in 0.022871 seconds
Number of updated asset objects reloaded before import = 0
Number of asset objects unloaded after import = 2
========================================================================
Received Import Request.
  Time since last request: 0.000021 seconds.
  path: Assets/Prefabs/DeLorean_DMC12__Retro_wave_art 1/0/glass_metallicRoughness_metal_scale0.jpg
  artifactKey: Guid(a0646e0a679257446b62510bf3cfb8d4) Importer(815301076,1909f56bfc062723c751e8b465ee728b)
Start importing Assets/Prefabs/DeLorean_DMC12__Retro_wave_art 1/0/glass_metallicRoughness_metal_scale0.jpg using Guid(a0646e0a679257446b62510bf3cfb8d4) Importer(815301076,1909f56bfc062723c751e8b465ee728b)  -> (artifact id: 'd2f9368ac9e01f0841ddc59a0929c5f1') in 0.023239 seconds
Number of updated asset objects reloaded before import = 0
Number of asset objects unloaded after import = 2
========================================================================
Received Import Request.
  Time since last request: 0.000050 seconds.
  path: Assets/Prefabs/DeLorean_DMC12__Retro_wave_art 1/0/material_baseColor.png
  artifactKey: Guid(cd5b3a6b29c85414f8ed40c285d4092e) Importer(815301076,1909f56bfc062723c751e8b465ee728b)
Start importing Assets/Prefabs/DeLorean_DMC12__Retro_wave_art 1/0/material_baseColor.png using Guid(cd5b3a6b29c85414f8ed40c285d4092e) Importer(815301076,1909f56bfc062723c751e8b465ee728b)  -> (artifact id: '85ae0f58eb8ddf5a04dba72506c11fdd') in 0.015897 seconds
Number of updated asset objects reloaded before import = 0
Number of asset objects unloaded after import = 2
========================================================================
Received Import Request.
  Time since last request: 0.000012 seconds.
  path: Assets/Prefabs/DeLorean_DMC12__Retro_wave_art 1/0/details_metallicRoughness_metal.jpg
  artifactKey: Guid(e5d8098bbf193dd4893507b315a78627) Importer(815301076,1909f56bfc062723c751e8b465ee728b)
Start importing Assets/Prefabs/DeLorean_DMC12__Retro_wave_art 1/0/details_metallicRoughness_metal.jpg using Guid(e5d8098bbf193dd4893507b315a78627) Importer(815301076,1909f56bfc062723c751e8b465ee728b)  -> (artifact id: '5a16b1c4e56d5ebeefdef20021ebfe24') in 0.015334 seconds
Number of updated asset objects reloaded before import = 0
Number of asset objects unloaded after import = 2
========================================================================
Received Import Request.
  Time since last request: 0.000009 seconds.
  path: Assets/Prefabs/DeLorean_DMC12__Retro_wave_art 1/0/sphere_baseColor.jpg
  artifactKey: Guid(83e194d95fd46dc43b4f40401cd995c0) Importer(815301076,1909f56bfc062723c751e8b465ee728b)
Start importing Assets/Prefabs/DeLorean_DMC12__Retro_wave_art 1/0/sphere_baseColor.jpg using Guid(83e194d95fd46dc43b4f40401cd995c0) Importer(815301076,1909f56bfc062723c751e8b465ee728b)  -> (artifact id: '063a2bc05c6849aafddffc5ec9b42663') in 0.016617 seconds
Number of updated asset objects reloaded before import = 0
Number of asset objects unloaded after import = 2
========================================================================
Received Import Request.
  Time since last request: 0.000160 seconds.
  path: Assets/Prefabs/DeLorean_DMC12__Retro_wave_art 1/0/material_8_emissive.jpg
  artifactKey: Guid(5b0cacf534ab70847b50cefde1b2e9f4) Importer(815301076,1909f56bfc062723c751e8b465ee728b)
Start importing Assets/Prefabs/DeLorean_DMC12__Retro_wave_art 1/0/material_8_emissive.jpg using Guid(5b0cacf534ab70847b50cefde1b2e9f4) Importer(815301076,1909f56bfc062723c751e8b465ee728b)  -> (artifact id: '33c1f5cd5c59dec8f9014778fd120032') in 0.023550 seconds
Number of updated asset objects reloaded before import = 0
Number of asset objects unloaded after import = 2
========================================================================
Received Import Request.
  Time since last request: 0.000021 seconds.
  path: Assets/Prefabs/DeLorean_DMC12__Retro_wave_art 1/0/wheels_metallicRoughness_metal.jpg
  artifactKey: Guid(6c7d18b03a78bf140ac618be06118d77) Importer(815301076,1909f56bfc062723c751e8b465ee728b)
Start importing Assets/Prefabs/DeLorean_DMC12__Retro_wave_art 1/0/wheels_metallicRoughness_metal.jpg using Guid(6c7d18b03a78bf140ac618be06118d77) Importer(815301076,1909f56bfc062723c751e8b465ee728b)  -> (artifact id: 'e24c4f2d0b760b79a586388b528364e8') in 0.014763 seconds
Number of updated asset objects reloaded before import = 0
Number of asset objects unloaded after import = 2
========================================================================
Received Import Request.
  Time since last request: 5.092613 seconds.
  path: Assets/Prefabs/DeLorean_DMC12__Retro_wave_art 1/textures/details_baseColor.png
  artifactKey: Guid(dda481121b30c88439a1ec16fff470ca) Importer(815301076,1909f56bfc062723c751e8b465ee728b)
Start importing Assets/Prefabs/DeLorean_DMC12__Retro_wave_art 1/textures/details_baseColor.png using Guid(dda481121b30c88439a1ec16fff470ca) Importer(815301076,1909f56bfc062723c751e8b465ee728b)  -> (artifact id: '30e796b194e40ec76c7d14f5ac81057b') in 0.015896 seconds
Number of updated asset objects reloaded before import = 0
Number of asset objects unloaded after import = 2
========================================================================
Received Import Request.
  Time since last request: 0.000027 seconds.
  path: Assets/Prefabs/DeLorean_DMC12__Retro_wave_art 1/textures/mountains_baseColor.png
  artifactKey: Guid(ffeff01d6106bdd418f2a071bcd623a3) Importer(815301076,1909f56bfc062723c751e8b465ee728b)
Start importing Assets/Prefabs/DeLorean_DMC12__Retro_wave_art 1/textures/mountains_baseColor.png using Guid(ffeff01d6106bdd418f2a071bcd623a3) Importer(815301076,1909f56bfc062723c751e8b465ee728b)  -> (artifact id: '8407680f6c1e77e4011039f7414e5634') in 0.012948 seconds
Number of updated asset objects reloaded before import = 0
Number of asset objects unloaded after import = 2
========================================================================
Received Import Request.
  Time since last request: 0.000012 seconds.
  path: Assets/Prefabs/DeLorean_DMC12__Retro_wave_art 1/textures/material_8_emissive.png
  artifactKey: Guid(0bf2d36341a62ff4d8200c2dbe5c167f) Importer(815301076,1909f56bfc062723c751e8b465ee728b)
Start importing Assets/Prefabs/DeLorean_DMC12__Retro_wave_art 1/textures/material_8_emissive.png using Guid(0bf2d36341a62ff4d8200c2dbe5c167f) Importer(815301076,1909f56bfc062723c751e8b465ee728b)  -> (artifact id: '3e0944a70501d6f73aa08fdf66285af4') in 0.012278 seconds
Number of updated asset objects reloaded before import = 0
Number of asset objects unloaded after import = 2
========================================================================
Received Import Request.
  Time since last request: 0.000019 seconds.
  path: Assets/Prefabs/DeLorean_DMC12__Retro_wave_art 1/textures/material_baseColor.png
  artifactKey: Guid(370ca9f14db13a144a6be334d9ff6a54) Importer(815301076,1909f56bfc062723c751e8b465ee728b)
Start importing Assets/Prefabs/DeLorean_DMC12__Retro_wave_art 1/textures/material_baseColor.png using Guid(370ca9f14db13a144a6be334d9ff6a54) Importer(815301076,1909f56bfc062723c751e8b465ee728b)  -> (artifact id: '42fe20db6066e3ed15fab8f29210c4a8') in 0.033904 seconds
Number of updated asset objects reloaded before import = 0
Number of asset objects unloaded after import = 2
Editor requested this worker to shutdown with reason: Scaling down because of idle timeout
TcpMessagingSession - receive error: operation aborted. errorcode: 995, details: The I/O operation has been aborted because of either a thread exit or an application request.
AssetImportWorker is now disconnected from the server
Process exiting
Exiting without the bug reporter. Application will terminate with return code 0