Using pre-set license
Built from '2022.3/staging' branch; Version is '2022.3.8f1 (b5eafc012955) revision 11922172'; Using compiler version '192829333'; Build Type 'Release'
OS: 'Windows 11  (10.0.26100) 64bit Core' Language: 'en' Physical Memory: 32559 MB
BatchMode: 1, IsHumanControllingUs: 0, StartBugReporterOnCrash: 0, Is64bit: 1, IsPro: 1

COMMAND LINE ARGUMENTS:
C:\Program Files\Unity\Hub\Editor\2022.3.8f1\Editor\Unity.exe
-adb2
-batchMode
-noUpm
-name
AssetImportWorker8
-projectPath
D:/College/Semester 6 - Winter 2025/Info Systems/Project - new/RetroRider/Wave Riders
-logFile
Logs/AssetImportWorker8.log
-srvPort
51371
Successfully changed project path to: D:/College/Semester 6 - Winter 2025/Info Systems/Project - new/RetroRider/Wave Riders
D:/College/Semester 6 - Winter 2025/Info Systems/Project - new/RetroRider/Wave Riders
[UnityMemory] Configuration Parameters - Can be set up in boot.config
    "memorysetup-bucket-allocator-granularity=16"
    "memorysetup-bucket-allocator-bucket-count=8"
    "memorysetup-bucket-allocator-block-size=33554432"
    "memorysetup-bucket-allocator-block-count=8"
    "memorysetup-main-allocator-block-size=16777216"
    "memorysetup-thread-allocator-block-size=16777216"
    "memorysetup-gfx-main-allocator-block-size=16777216"
    "memorysetup-gfx-thread-allocator-block-size=16777216"
    "memorysetup-cache-allocator-block-size=4194304"
    "memorysetup-typetree-allocator-block-size=2097152"
    "memorysetup-profiler-bucket-allocator-granularity=16"
    "memorysetup-profiler-bucket-allocator-bucket-count=8"
    "memorysetup-profiler-bucket-allocator-block-size=33554432"
    "memorysetup-profiler-bucket-allocator-block-count=8"
    "memorysetup-profiler-allocator-block-size=16777216"
    "memorysetup-profiler-editor-allocator-block-size=1048576"
    "memorysetup-temp-allocator-size-main=16777216"
    "memorysetup-job-temp-allocator-block-size=2097152"
    "memorysetup-job-temp-allocator-block-size-background=1048576"
    "memorysetup-job-temp-allocator-reduction-small-platforms=262144"
    "memorysetup-allocator-temp-initial-block-size-main=262144"
    "memorysetup-allocator-temp-initial-block-size-worker=262144"
    "memorysetup-temp-allocator-size-background-worker=32768"
    "memorysetup-temp-allocator-size-job-worker=262144"
    "memorysetup-temp-allocator-size-preload-manager=33554432"
    "memorysetup-temp-allocator-size-nav-mesh-worker=65536"
    "memorysetup-temp-allocator-size-audio-worker=65536"
    "memorysetup-temp-allocator-size-cloud-worker=32768"
    "memorysetup-temp-allocator-size-gi-baking-worker=262144"
    "memorysetup-temp-allocator-size-gfx=262144"
Player connection [18164] Host "[IP] 10.0.0.205 [Port] 0 [Flags] 2 [Guid] 639711900 [EditorId] 639711900 [Version] 1048832 [Id] WindowsEditor(7,AHMAD-PC) [Debug] 1 [PackageName] WindowsEditor [ProjectName] Editor" joined multi-casting on [225.0.0.222:54997]...

Player connection [18164] Host "[IP] 10.0.0.205 [Port] 0 [Flags] 2 [Guid] 639711900 [EditorId] 639711900 [Version] 1048832 [Id] WindowsEditor(7,AHMAD-PC) [Debug] 1 [PackageName] WindowsEditor [ProjectName] Editor" joined alternative multi-casting on [225.0.0.222:34997]...

[Physics::Module] Initialized MultithreadedJobDispatcher with 15 workers.
Refreshing native plugins compatible for Editor in 0.61 ms, found 0 plugins.
Preloading 0 native plugins for Editor in 0.00 ms.
Initialize engine version: 2022.3.8f1 (b5eafc012955)
[Subsystems] Discovering subsystems at path C:/Program Files/Unity/Hub/Editor/2022.3.8f1/Editor/Data/Resources/UnitySubsystems
[Subsystems] Discovering subsystems at path D:/College/Semester 6 - Winter 2025/Info Systems/Project - new/RetroRider/Wave Riders/Assets
GfxDevice: creating device client; threaded=0; jobified=0
Direct3D:
    Version:  Direct3D 11.0 [level 11.1]
    Renderer: AMD Radeon RX 6700 XT (ID=0x73df)
    Vendor:   ATI
    VRAM:     12216 MB
    Driver:   32.0.13031.3015
Initialize mono
Mono path[0] = 'C:/Program Files/Unity/Hub/Editor/2022.3.8f1/Editor/Data/Managed'
Mono path[1] = 'C:/Program Files/Unity/Hub/Editor/2022.3.8f1/Editor/Data/MonoBleedingEdge/lib/mono/unityjit-win32'
Mono config path = 'C:/Program Files/Unity/Hub/Editor/2022.3.8f1/Editor/Data/MonoBleedingEdge/etc'
Using monoOptions --debugger-agent=transport=dt_socket,embedding=1,server=y,suspend=n,address=127.0.0.1:56520
Begin MonoManager ReloadAssembly
Registering precompiled unity dll's ...
Register platform support module: C:/Program Files/Unity/Hub/Editor/2022.3.8f1/Editor/Data/PlaybackEngines/WindowsStandaloneSupport/UnityEditor.WindowsStandalone.Extensions.dll
Registered in 0.005984 seconds.
- Loaded All Assemblies, in  0.268 seconds
Native extension for WindowsStandalone target not found
Mono: successfully reloaded assembly
- Finished resetting the current domain, in  0.204 seconds
Domain Reload Profiling: 471ms
	BeginReloadAssembly (82ms)
		ExecutionOrderSort (0ms)
		DisableScriptedObjects (0ms)
		BackupInstance (0ms)
		ReleaseScriptingObjects (0ms)
		CreateAndSetChildDomain (1ms)
	RebuildCommonClasses (26ms)
	RebuildNativeTypeToScriptingClass (8ms)
	initialDomainReloadingComplete (48ms)
	LoadAllAssembliesAndSetupDomain (103ms)
		LoadAssemblies (80ms)
		RebuildTransferFunctionScriptingTraits (0ms)
		AnalyzeDomain (101ms)
			TypeCache.Refresh (100ms)
				TypeCache.ScanAssembly (91ms)
			ScanForSourceGeneratedMonoScriptInfo (0ms)
			ResolveRequiredComponents (0ms)
	FinalizeReload (204ms)
		ReleaseScriptCaches (0ms)
		RebuildScriptCaches (0ms)
		SetupLoadedEditorAssemblies (158ms)
			LogAssemblyErrors (0ms)
			InitializePlatformSupportModulesInManaged (8ms)
			SetLoadedEditorAssemblies (6ms)
			RefreshPlugins (0ms)
			BeforeProcessingInitializeOnLoad (2ms)
			ProcessInitializeOnLoadAttributes (102ms)
			ProcessInitializeOnLoadMethodAttributes (40ms)
			AfterProcessingInitializeOnLoad (0ms)
			EditorAssembliesLoaded (0ms)
		ExecutionOrderSort2 (0ms)
		AwakeInstancesAfterBackupRestoration (0ms)
========================================================================
Worker process is ready to serve import requests
Begin MonoManager ReloadAssembly
- Loaded All Assemblies, in  0.328 seconds
Refreshing native plugins compatible for Editor in 0.28 ms, found 0 plugins.
Native extension for WindowsStandalone target not found
Mono: successfully reloaded assembly
- Finished resetting the current domain, in  0.359 seconds
Domain Reload Profiling: 686ms
	BeginReloadAssembly (117ms)
		ExecutionOrderSort (0ms)
		DisableScriptedObjects (4ms)
		BackupInstance (0ms)
		ReleaseScriptingObjects (0ms)
		CreateAndSetChildDomain (19ms)
	RebuildCommonClasses (26ms)
	RebuildNativeTypeToScriptingClass (8ms)
	initialDomainReloadingComplete (33ms)
	LoadAllAssembliesAndSetupDomain (142ms)
		LoadAssemblies (172ms)
		RebuildTransferFunctionScriptingTraits (0ms)
		AnalyzeDomain (36ms)
			TypeCache.Refresh (28ms)
				TypeCache.ScanAssembly (24ms)
			ScanForSourceGeneratedMonoScriptInfo (5ms)
			ResolveRequiredComponents (3ms)
	FinalizeReload (360ms)
		ReleaseScriptCaches (0ms)
		RebuildScriptCaches (0ms)
		SetupLoadedEditorAssemblies (239ms)
			LogAssemblyErrors (0ms)
			InitializePlatformSupportModulesInManaged (5ms)
			SetLoadedEditorAssemblies (3ms)
			RefreshPlugins (0ms)
			BeforeProcessingInitializeOnLoad (35ms)
			ProcessInitializeOnLoadAttributes (170ms)
			ProcessInitializeOnLoadMethodAttributes (17ms)
			AfterProcessingInitializeOnLoad (8ms)
			EditorAssembliesLoaded (0ms)
		ExecutionOrderSort2 (0ms)
		AwakeInstancesAfterBackupRestoration (7ms)
Launched and connected shader compiler UnityShaderCompiler.exe after 0.06 seconds
Refreshing native plugins compatible for Editor in 0.30 ms, found 0 plugins.
Preloading 0 native plugins for Editor in 0.00 ms.
Unloading 1229 Unused Serialized files (Serialized files now loaded: 0)
Unloading 29 unused Assets / (154.4 KB). Loaded Objects now: 1708.
Memory consumption went from 77.3 MB to 77.2 MB.
Total: 2.556000 ms (FindLiveObjects: 0.124900 ms CreateObjectMapping: 0.038000 ms MarkObjects: 2.264000 ms  DeleteObjects: 0.128500 ms)

AssetImportParameters requested are different than current active one (requested -> active):
  custom:video-encoder-webm-vp8: eb34c28f22e8b96e1ab97ce403110664 -> 
  custom:video-decoder-webm-vp8: 9c59270c3fd7afecdb556c50c9e8de78 -> 
  custom:audio-decoder-ogg-vorbis: bf7c407c2cedff20999df2af8eb42d56 -> 
  custom:SearchIndexIgnoredProperties: e643bd26f0fe6173181afceb89e7c659 -> 
  custom:container-demuxer-ogg: 62fdf1f143b41e24485cea50d1cbac27 -> 
  custom:AudioImporter_EditorPlatform: d09bf68614088b80899f8185d706f6e7 -> 
  custom:CustomObjectIndexerAttribute: 756ad292c208cfabdd7b50bc23989ffe -> 
  custom:container-demuxer-webm: 4f35f7cbe854078d1ac9338744f61a02 -> 
  custom:video-codec-MediaFoundation-h265: 746d11721c4dcdbdad8f713fa42b33f4 -> 
  custom:video-decoder-ogg-theora: a1e56fd34408186e4bbccfd4996cb3dc -> 
  custom:audio-encoder-webm-vorbis: bf7c407c2cedff20999df2af8eb42d56 -> 
  custom:framework-win-MediaFoundation: 216162199b28c13a410421893ffa2e32 -> 
  custom:container-muxer-webm: aa71ff27fc2769a1b78a27578f13a17b -> 
========================================================================
Received Import Request.
  Time since last request: 52268.060888 seconds.
  path: Assets/Assets/Level_Complete_with_textures.fbx
  artifactKey: Guid(f2261f905e96a944baba0eaa5e13de25) Importer(815301076,1909f56bfc062723c751e8b465ee728b)
Start importing Assets/Assets/Level_Complete_with_textures.fbx using Guid(f2261f905e96a944baba0eaa5e13de25) Importer(815301076,1909f56bfc062723c751e8b465ee728b)  -> (artifact id: '6074708a0a950e4f05469ec98abeb2cb') in 0.122555 seconds
Number of updated asset objects reloaded before import = 0
Number of asset objects unloaded after import = 17
========================================================================
Received Import Request.
  Time since last request: 2.298179 seconds.
  path: Assets/Assets/Level_Complete_with_textures.fbx
  artifactKey: Guid(f2261f905e96a944baba0eaa5e13de25) Importer(815301076,1909f56bfc062723c751e8b465ee728b)
Start importing Assets/Assets/Level_Complete_with_textures.fbx using Guid(f2261f905e96a944baba0eaa5e13de25) Importer(815301076,1909f56bfc062723c751e8b465ee728b)  -> (artifact id: '1da2d77493476c7dc807150fffc8dd7b') in 0.014232 seconds
Number of updated asset objects reloaded before import = 0
Number of asset objects unloaded after import = 13
========================================================================
Received Import Request.
  Time since last request: 21.379100 seconds.
  path: Assets/Levels/Level1.prefab
  artifactKey: Guid(20372021cdc91ed49a45e0237883943a) Importer(815301076,1909f56bfc062723c751e8b465ee728b)
Start importing Assets/Levels/Level1.prefab using Guid(20372021cdc91ed49a45e0237883943a) Importer(815301076,1909f56bfc062723c751e8b465ee728b)  -> (artifact id: '6d22eee554faf467e263ff61800dbe73') in 0.049086 seconds
Number of updated asset objects reloaded before import = 0
Number of asset objects unloaded after import = 1519
========================================================================
Received Import Request.
  Time since last request: 6.487256 seconds.
  path: Assets/Levels/Level1.prefab
  artifactKey: Guid(20372021cdc91ed49a45e0237883943a) Importer(815301076,1909f56bfc062723c751e8b465ee728b)
Start importing Assets/Levels/Level1.prefab using Guid(20372021cdc91ed49a45e0237883943a) Importer(815301076,1909f56bfc062723c751e8b465ee728b)  -> (artifact id: '2c3474b7651287707b215cd1c5bcda69') in 0.040717 seconds
Number of updated asset objects reloaded before import = 0
Number of asset objects unloaded after import = 1516
========================================================================
Received Import Request.
  Time since last request: 568.256895 seconds.
  path: Assets/Levels/Level_Complete_with_textures.fbx
  artifactKey: Guid(6d5e6b53cd4af7d4699d5dec91a07339) Importer(815301076,1909f56bfc062723c751e8b465ee728b)
Start importing Assets/Levels/Level_Complete_with_textures.fbx using Guid(6d5e6b53cd4af7d4699d5dec91a07339) Importer(815301076,1909f56bfc062723c751e8b465ee728b)  -> (artifact id: 'd0fbf6f9357cc7ccb6ba2b64a5aecebb') in 0.073580 seconds
Number of updated asset objects reloaded before import = 0
Number of asset objects unloaded after import = 20
========================================================================
Received Import Request.
  Time since last request: 4.584798 seconds.
  path: Assets/Levels/Level1.prefab
  artifactKey: Guid(20372021cdc91ed49a45e0237883943a) Importer(815301076,1909f56bfc062723c751e8b465ee728b)
Start importing Assets/Levels/Level1.prefab using Guid(20372021cdc91ed49a45e0237883943a) Importer(815301076,1909f56bfc062723c751e8b465ee728b)  -> (artifact id: '9ebb789ef146213c8aab3fad7296437d') in 0.553597 seconds
Number of updated asset objects reloaded before import = 0
Number of asset objects unloaded after import = 1540
========================================================================
Received Import Request.
  Time since last request: 38.846662 seconds.
  path: Assets/Levels/Level1.prefab
  artifactKey: Guid(20372021cdc91ed49a45e0237883943a) Importer(815301076,1909f56bfc062723c751e8b465ee728b)
Start importing Assets/Levels/Level1.prefab using Guid(20372021cdc91ed49a45e0237883943a) Importer(815301076,1909f56bfc062723c751e8b465ee728b)  -> (artifact id: '8b32b641be18e148c83ed34c0a3a1a0d') in 0.121681 seconds
Number of updated asset objects reloaded before import = 0
Number of asset objects unloaded after import = 1519
========================================================================
Received Import Request.
  Time since last request: 31.947157 seconds.
  path: Assets/Assets/Level_Complete_with_textures.fbx
  artifactKey: Guid(f2261f905e96a944baba0eaa5e13de25) Importer(815301076,1909f56bfc062723c751e8b465ee728b)
Start importing Assets/Assets/Level_Complete_with_textures.fbx using Guid(f2261f905e96a944baba0eaa5e13de25) Importer(815301076,1909f56bfc062723c751e8b465ee728b)  -> (artifact id: 'ab956b0f0f63cfeeb2ddbb321fe37c6a') in 0.055779 seconds
Number of updated asset objects reloaded before import = 0
Number of asset objects unloaded after import = 20
