Using pre-set license
Built from '2022.3/staging' branch; Version is '2022.3.8f1 (b5eafc012955) revision 11922172'; Using compiler version '192829333'; Build Type 'Release'
OS: 'Windows 11  (10.0.22631) 64bit Professional' Language: 'en' Physical Memory: 31863 MB
BatchMode: 1, IsHumanControllingUs: 0, StartBugReporterOnCrash: 0, Is64bit: 1, IsPro: 1

COMMAND LINE ARGUMENTS:
C:\Program Files\Unity\Hub\Editor\2022.3.8f1\Editor\Unity.exe
-adb2
-batchMode
-noUpm
-name
AssetImportWorker3
-projectPath
C:/Users/Diego Arriaga/Documents/GitHub/RetroRider/Wave Riders
-logFile
Logs/AssetImportWorker3.log
-srvPort
62509
Successfully changed project path to: C:/Users/Diego Arriaga/Documents/GitHub/RetroRider/Wave Riders
C:/Users/Diego Arriaga/Documents/GitHub/RetroRider/Wave Riders
[UnityMemory] Configuration Parameters - Can be set up in boot.config
    "memorysetup-bucket-allocator-granularity=16"
    "memorysetup-bucket-allocator-bucket-count=8"
    "memorysetup-bucket-allocator-block-size=33554432"
    "memorysetup-bucket-allocator-block-count=8"
    "memorysetup-main-allocator-block-size=16777216"
    "memorysetup-thread-allocator-block-size=16777216"
    "memorysetup-gfx-main-allocator-block-size=16777216"
    "memorysetup-gfx-thread-allocator-block-size=16777216"
    "memorysetup-cache-allocator-block-size=4194304"
    "memorysetup-typetree-allocator-block-size=2097152"
    "memorysetup-profiler-bucket-allocator-granularity=16"
    "memorysetup-profiler-bucket-allocator-bucket-count=8"
    "memorysetup-profiler-bucket-allocator-block-size=33554432"
    "memorysetup-profiler-bucket-allocator-block-count=8"
    "memorysetup-profiler-allocator-block-size=16777216"
    "memorysetup-profiler-editor-allocator-block-size=1048576"
    "memorysetup-temp-allocator-size-main=16777216"
    "memorysetup-job-temp-allocator-block-size=2097152"
    "memorysetup-job-temp-allocator-block-size-background=1048576"
    "memorysetup-job-temp-allocator-reduction-small-platforms=262144"
    "memorysetup-allocator-temp-initial-block-size-main=262144"
    "memorysetup-allocator-temp-initial-block-size-worker=262144"
    "memorysetup-temp-allocator-size-background-worker=32768"
    "memorysetup-temp-allocator-size-job-worker=262144"
    "memorysetup-temp-allocator-size-preload-manager=33554432"
    "memorysetup-temp-allocator-size-nav-mesh-worker=65536"
    "memorysetup-temp-allocator-size-audio-worker=65536"
    "memorysetup-temp-allocator-size-cloud-worker=32768"
    "memorysetup-temp-allocator-size-gi-baking-worker=262144"
    "memorysetup-temp-allocator-size-gfx=262144"
Player connection [52548] Host "[IP] 192.168.0.102 [Port] 0 [Flags] 2 [Guid] 206402217 [EditorId] 206402217 [Version] 1048832 [Id] WindowsEditor(7,Monster) [Debug] 1 [PackageName] WindowsEditor [ProjectName] Editor" joined multi-casting on [225.0.0.222:54997]...

Player connection [52548] Host "[IP] 192.168.0.102 [Port] 0 [Flags] 2 [Guid] 206402217 [EditorId] 206402217 [Version] 1048832 [Id] WindowsEditor(7,Monster) [Debug] 1 [PackageName] WindowsEditor [ProjectName] Editor" joined alternative multi-casting on [225.0.0.222:34997]...

[Physics::Module] Initialized MultithreadedJobDispatcher with 31 workers.
Refreshing native plugins compatible for Editor in 0.96 ms, found 0 plugins.
Preloading 0 native plugins for Editor in 0.00 ms.
Initialize engine version: 2022.3.8f1 (b5eafc012955)
[Subsystems] Discovering subsystems at path C:/Program Files/Unity/Hub/Editor/2022.3.8f1/Editor/Data/Resources/UnitySubsystems
[Subsystems] Discovering subsystems at path C:/Users/Diego Arriaga/Documents/GitHub/RetroRider/Wave Riders/Assets
GfxDevice: creating device client; threaded=0; jobified=0
Direct3D:
    Version:  Direct3D 11.0 [level 11.1]
    Renderer: NVIDIA GeForce RTX 4090 (ID=0x2684)
    Vendor:   NVIDIA
    VRAM:     24142 MB
    Driver:   32.0.15.6094
Initialize mono
Mono path[0] = 'C:/Program Files/Unity/Hub/Editor/2022.3.8f1/Editor/Data/Managed'
Mono path[1] = 'C:/Program Files/Unity/Hub/Editor/2022.3.8f1/Editor/Data/MonoBleedingEdge/lib/mono/unityjit-win32'
Mono config path = 'C:/Program Files/Unity/Hub/Editor/2022.3.8f1/Editor/Data/MonoBleedingEdge/etc'
Using monoOptions --debugger-agent=transport=dt_socket,embedding=1,server=y,suspend=n,address=127.0.0.1:56076
Begin MonoManager ReloadAssembly
Registering precompiled unity dll's ...
Register platform support module: C:/Program Files/Unity/Hub/Editor/2022.3.8f1/Editor/Data/PlaybackEngines/WindowsStandaloneSupport/UnityEditor.WindowsStandalone.Extensions.dll
Registered in 0.005527 seconds.
- Loaded All Assemblies, in  0.203 seconds
Native extension for WindowsStandalone target not found
Mono: successfully reloaded assembly
- Finished resetting the current domain, in  0.135 seconds
Domain Reload Profiling: 336ms
	BeginReloadAssembly (64ms)
		ExecutionOrderSort (0ms)
		DisableScriptedObjects (0ms)
		BackupInstance (0ms)
		ReleaseScriptingObjects (0ms)
		CreateAndSetChildDomain (0ms)
	RebuildCommonClasses (18ms)
	RebuildNativeTypeToScriptingClass (6ms)
	initialDomainReloadingComplete (35ms)
	LoadAllAssembliesAndSetupDomain (78ms)
		LoadAssemblies (62ms)
		RebuildTransferFunctionScriptingTraits (0ms)
		AnalyzeDomain (77ms)
			TypeCache.Refresh (76ms)
				TypeCache.ScanAssembly (68ms)
			ScanForSourceGeneratedMonoScriptInfo (0ms)
			ResolveRequiredComponents (0ms)
	FinalizeReload (135ms)
		ReleaseScriptCaches (0ms)
		RebuildScriptCaches (0ms)
		SetupLoadedEditorAssemblies (103ms)
			LogAssemblyErrors (0ms)
			InitializePlatformSupportModulesInManaged (6ms)
			SetLoadedEditorAssemblies (4ms)
			RefreshPlugins (0ms)
			BeforeProcessingInitializeOnLoad (1ms)
			ProcessInitializeOnLoadAttributes (66ms)
			ProcessInitializeOnLoadMethodAttributes (25ms)
			AfterProcessingInitializeOnLoad (0ms)
			EditorAssembliesLoaded (0ms)
		ExecutionOrderSort2 (0ms)
		AwakeInstancesAfterBackupRestoration (0ms)
========================================================================
Worker process is ready to serve import requests
Begin MonoManager ReloadAssembly
- Loaded All Assemblies, in  0.232 seconds
Refreshing native plugins compatible for Editor in 0.42 ms, found 0 plugins.
Native extension for WindowsStandalone target not found
Mono: successfully reloaded assembly
- Finished resetting the current domain, in  0.232 seconds
Domain Reload Profiling: 462ms
	BeginReloadAssembly (93ms)
		ExecutionOrderSort (0ms)
		DisableScriptedObjects (3ms)
		BackupInstance (0ms)
		ReleaseScriptingObjects (0ms)
		CreateAndSetChildDomain (15ms)
	RebuildCommonClasses (19ms)
	RebuildNativeTypeToScriptingClass (6ms)
	initialDomainReloadingComplete (24ms)
	LoadAllAssembliesAndSetupDomain (88ms)
		LoadAssemblies (119ms)
		RebuildTransferFunctionScriptingTraits (0ms)
		AnalyzeDomain (21ms)
			TypeCache.Refresh (16ms)
				TypeCache.ScanAssembly (13ms)
			ScanForSourceGeneratedMonoScriptInfo (3ms)
			ResolveRequiredComponents (2ms)
	FinalizeReload (232ms)
		ReleaseScriptCaches (0ms)
		RebuildScriptCaches (0ms)
		SetupLoadedEditorAssemblies (157ms)
			LogAssemblyErrors (0ms)
			InitializePlatformSupportModulesInManaged (4ms)
			SetLoadedEditorAssemblies (2ms)
			RefreshPlugins (0ms)
			BeforeProcessingInitializeOnLoad (28ms)
			ProcessInitializeOnLoadAttributes (107ms)
			ProcessInitializeOnLoadMethodAttributes (10ms)
			AfterProcessingInitializeOnLoad (6ms)
			EditorAssembliesLoaded (0ms)
		ExecutionOrderSort2 (0ms)
		AwakeInstancesAfterBackupRestoration (4ms)
Launched and connected shader compiler UnityShaderCompiler.exe after 0.04 seconds
Refreshing native plugins compatible for Editor in 0.40 ms, found 0 plugins.
Preloading 0 native plugins for Editor in 0.00 ms.
Unloading 1229 Unused Serialized files (Serialized files now loaded: 0)
Unloading 29 unused Assets / (154.3 KB). Loaded Objects now: 1708.
Memory consumption went from 78.3 MB to 78.2 MB.
Total: 2.057800 ms (FindLiveObjects: 0.076100 ms CreateObjectMapping: 0.015400 ms MarkObjects: 1.871500 ms  DeleteObjects: 0.094400 ms)

AssetImportParameters requested are different than current active one (requested -> active):
  custom:video-encoder-webm-vp8: eb34c28f22e8b96e1ab97ce403110664 -> 
  custom:video-decoder-webm-vp8: 9c59270c3fd7afecdb556c50c9e8de78 -> 
  custom:audio-decoder-ogg-vorbis: bf7c407c2cedff20999df2af8eb42d56 -> 
  custom:SearchIndexIgnoredProperties: e643bd26f0fe6173181afceb89e7c659 -> 
  custom:container-demuxer-ogg: 62fdf1f143b41e24485cea50d1cbac27 -> 
  custom:AudioImporter_EditorPlatform: d09bf68614088b80899f8185d706f6e7 -> 
  custom:CustomObjectIndexerAttribute: 756ad292c208cfabdd7b50bc23989ffe -> 
  custom:container-demuxer-webm: 4f35f7cbe854078d1ac9338744f61a02 -> 
  custom:video-codec-MediaFoundation-h265: 746d11721c4dcdbdad8f713fa42b33f4 -> 
  custom:video-decoder-ogg-theora: a1e56fd34408186e4bbccfd4996cb3dc -> 
  custom:audio-encoder-webm-vorbis: bf7c407c2cedff20999df2af8eb42d56 -> 
  custom:framework-win-MediaFoundation: 216162199b28c13a410421893ffa2e32 -> 
  custom:container-muxer-webm: aa71ff27fc2769a1b78a27578f13a17b -> 
========================================================================
Received Import Request.
  Time since last request: 1016793.119370 seconds.
  path: Assets/Levels/Level3 1.prefab
  artifactKey: Guid(900aaef6408f154499692d8bb1e82038) Importer(815301076,1909f56bfc062723c751e8b465ee728b)
Start importing Assets/Levels/Level3 1.prefab using Guid(900aaef6408f154499692d8bb1e82038) Importer(815301076,1909f56bfc062723c751e8b465ee728b)  -> (artifact id: '6bf4a8bc9d1756f3a77a73c444397c33') in 0.167073 seconds
Number of updated asset objects reloaded before import = 0
Number of asset objects unloaded after import = 1265
========================================================================
Received Import Request.
  Time since last request: 4.060628 seconds.
  path: Assets/Levels/Level3 1.prefab
  artifactKey: Guid(900aaef6408f154499692d8bb1e82038) Importer(815301076,1909f56bfc062723c751e8b465ee728b)
Start importing Assets/Levels/Level3 1.prefab using Guid(900aaef6408f154499692d8bb1e82038) Importer(815301076,1909f56bfc062723c751e8b465ee728b)  -> (artifact id: 'a201e123a3fd020f71360b8d2409e7fa') in 0.142479 seconds
Number of updated asset objects reloaded before import = 0
Number of asset objects unloaded after import = 1265
========================================================================
Received Import Request.
  Time since last request: 0.000015 seconds.
  path: Assets/Levels/Level5 1.prefab
  artifactKey: Guid(701defa266933064c9a53afa39540e0d) Importer(815301076,1909f56bfc062723c751e8b465ee728b)
Start importing Assets/Levels/Level5 1.prefab using Guid(701defa266933064c9a53afa39540e0d) Importer(815301076,1909f56bfc062723c751e8b465ee728b)  -> (artifact id: 'b09a78dee576571d5cd63eb6fa83de81') in 0.112760 seconds
Number of updated asset objects reloaded before import = 0
Number of asset objects unloaded after import = 1438
========================================================================
Received Import Request.
  Time since last request: 7.605649 seconds.
  path: Assets/Levels/Level3 1.prefab
  artifactKey: Guid(900aaef6408f154499692d8bb1e82038) Importer(815301076,1909f56bfc062723c751e8b465ee728b)
Start importing Assets/Levels/Level3 1.prefab using Guid(900aaef6408f154499692d8bb1e82038) Importer(815301076,1909f56bfc062723c751e8b465ee728b)  -> (artifact id: '6c5a4041cd6bbc6e793cd8d1bf0e7026') in 0.063203 seconds
Number of updated asset objects reloaded before import = 0
Number of asset objects unloaded after import = 1265
========================================================================
Received Import Request.
  Time since last request: 0.000019 seconds.
  path: Assets/Levels/Level5 1.prefab
  artifactKey: Guid(701defa266933064c9a53afa39540e0d) Importer(815301076,1909f56bfc062723c751e8b465ee728b)
Start importing Assets/Levels/Level5 1.prefab using Guid(701defa266933064c9a53afa39540e0d) Importer(815301076,1909f56bfc062723c751e8b465ee728b)  -> (artifact id: 'b1b10da0cae10d2e730118999ed99415') in 0.058574 seconds
Number of updated asset objects reloaded before import = 0
Number of asset objects unloaded after import = 1438
========================================================================
Received Import Request.
  Time since last request: 5.715458 seconds.
  path: Assets/Levels/Level3 1.prefab
  artifactKey: Guid(900aaef6408f154499692d8bb1e82038) Importer(815301076,1909f56bfc062723c751e8b465ee728b)
Start importing Assets/Levels/Level3 1.prefab using Guid(900aaef6408f154499692d8bb1e82038) Importer(815301076,1909f56bfc062723c751e8b465ee728b)  -> (artifact id: '41d69ca010eba3cc9d252abeb0e8b502') in 0.129590 seconds
Number of updated asset objects reloaded before import = 0
Number of asset objects unloaded after import = 1265
========================================================================
Received Import Request.
  Time since last request: 0.000016 seconds.
  path: Assets/Levels/Level5 1.prefab
  artifactKey: Guid(701defa266933064c9a53afa39540e0d) Importer(815301076,1909f56bfc062723c751e8b465ee728b)
Start importing Assets/Levels/Level5 1.prefab using Guid(701defa266933064c9a53afa39540e0d) Importer(815301076,1909f56bfc062723c751e8b465ee728b)  -> (artifact id: 'f6010d2bbe38845ba1ce46609b37ed60') in 0.092685 seconds
Number of updated asset objects reloaded before import = 0
Number of asset objects unloaded after import = 1438
========================================================================
Received Import Request.
  Time since last request: 8.033852 seconds.
  path: Assets/Levels/Level3 1.prefab
  artifactKey: Guid(900aaef6408f154499692d8bb1e82038) Importer(815301076,1909f56bfc062723c751e8b465ee728b)
Start importing Assets/Levels/Level3 1.prefab using Guid(900aaef6408f154499692d8bb1e82038) Importer(815301076,1909f56bfc062723c751e8b465ee728b)  -> (artifact id: '9e9b616628cd3694b0aa47b8bbe78b3c') in 0.064274 seconds
Number of updated asset objects reloaded before import = 0
Number of asset objects unloaded after import = 1265
========================================================================
Received Import Request.
  Time since last request: 0.000014 seconds.
  path: Assets/Levels/Level5 1.prefab
  artifactKey: Guid(701defa266933064c9a53afa39540e0d) Importer(815301076,1909f56bfc062723c751e8b465ee728b)
Start importing Assets/Levels/Level5 1.prefab using Guid(701defa266933064c9a53afa39540e0d) Importer(815301076,1909f56bfc062723c751e8b465ee728b)  -> (artifact id: '1c0d1f7ba9de70ab8d4e68dd34baa9b1') in 0.056997 seconds
Number of updated asset objects reloaded before import = 0
Number of asset objects unloaded after import = 1438
========================================================================
Received Import Request.
  Time since last request: 23.992310 seconds.
  path: Assets/Levels/Level3 1.prefab
  artifactKey: Guid(900aaef6408f154499692d8bb1e82038) Importer(815301076,1909f56bfc062723c751e8b465ee728b)
Start importing Assets/Levels/Level3 1.prefab using Guid(900aaef6408f154499692d8bb1e82038) Importer(815301076,1909f56bfc062723c751e8b465ee728b)  -> (artifact id: '18f8c81bf695e4af8e97f5bab64d71c6') in 0.064622 seconds
Number of updated asset objects reloaded before import = 0
Number of asset objects unloaded after import = 1265
========================================================================
Received Import Request.
  Time since last request: 0.000015 seconds.
  path: Assets/Levels/Level5 1.prefab
  artifactKey: Guid(701defa266933064c9a53afa39540e0d) Importer(815301076,1909f56bfc062723c751e8b465ee728b)
Start importing Assets/Levels/Level5 1.prefab using Guid(701defa266933064c9a53afa39540e0d) Importer(815301076,1909f56bfc062723c751e8b465ee728b)  -> (artifact id: 'eccec3d0ebccbabfbd719f02e4869ba0') in 0.061135 seconds
Number of updated asset objects reloaded before import = 0
Number of asset objects unloaded after import = 1438
========================================================================
Received Prepare
Begin MonoManager ReloadAssembly
- Loaded All Assemblies, in  0.222 seconds
Refreshing native plugins compatible for Editor in 0.60 ms, found 0 plugins.
Native extension for WindowsStandalone target not found
Mono: successfully reloaded assembly
- Finished resetting the current domain, in  0.302 seconds
Domain Reload Profiling: 521ms
	BeginReloadAssembly (97ms)
		ExecutionOrderSort (0ms)
		DisableScriptedObjects (3ms)
		BackupInstance (0ms)
		ReleaseScriptingObjects (0ms)
		CreateAndSetChildDomain (17ms)
	RebuildCommonClasses (19ms)
	RebuildNativeTypeToScriptingClass (7ms)
	initialDomainReloadingComplete (17ms)
	LoadAllAssembliesAndSetupDomain (79ms)
		LoadAssemblies (128ms)
		RebuildTransferFunctionScriptingTraits (0ms)
		AnalyzeDomain (5ms)
			TypeCache.Refresh (3ms)
				TypeCache.ScanAssembly (0ms)
			ScanForSourceGeneratedMonoScriptInfo (0ms)
			ResolveRequiredComponents (2ms)
	FinalizeReload (302ms)
		ReleaseScriptCaches (0ms)
		RebuildScriptCaches (0ms)
		SetupLoadedEditorAssemblies (160ms)
			LogAssemblyErrors (0ms)
			InitializePlatformSupportModulesInManaged (4ms)
			SetLoadedEditorAssemblies (2ms)
			RefreshPlugins (0ms)
			BeforeProcessingInitializeOnLoad (28ms)
			ProcessInitializeOnLoadAttributes (107ms)
			ProcessInitializeOnLoadMethodAttributes (11ms)
			AfterProcessingInitializeOnLoad (8ms)
			EditorAssembliesLoaded (0ms)
		ExecutionOrderSort2 (0ms)
		AwakeInstancesAfterBackupRestoration (4ms)
Refreshing native plugins compatible for Editor in 0.43 ms, found 0 plugins.
Preloading 0 native plugins for Editor in 0.00 ms.
Unloading 1209 Unused Serialized files (Serialized files now loaded: 0)
Unloading 6 unused Assets / (125.6 KB). Loaded Objects now: 1734.
Memory consumption went from 79.0 MB to 78.8 MB.
Total: 1.985500 ms (FindLiveObjects: 0.102200 ms CreateObjectMapping: 0.020500 ms MarkObjects: 1.785100 ms  DeleteObjects: 0.077100 ms)

Prepare: number of updated asset objects reloaded= 0
AssetImportParameters requested are different than current active one (requested -> active):
  custom:video-encoder-webm-vp8: eb34c28f22e8b96e1ab97ce403110664 -> 
  custom:video-decoder-webm-vp8: 9c59270c3fd7afecdb556c50c9e8de78 -> 
  custom:audio-decoder-ogg-vorbis: bf7c407c2cedff20999df2af8eb42d56 -> 
  custom:SearchIndexIgnoredProperties: e643bd26f0fe6173181afceb89e7c659 -> 
  custom:container-demuxer-ogg: 62fdf1f143b41e24485cea50d1cbac27 -> 
  custom:AudioImporter_EditorPlatform: d09bf68614088b80899f8185d706f6e7 -> 
  custom:CustomObjectIndexerAttribute: 756ad292c208cfabdd7b50bc23989ffe -> 
  custom:container-demuxer-webm: 4f35f7cbe854078d1ac9338744f61a02 -> 
  custom:video-codec-MediaFoundation-h265: 746d11721c4dcdbdad8f713fa42b33f4 -> 
  custom:video-decoder-ogg-theora: a1e56fd34408186e4bbccfd4996cb3dc -> 
  custom:audio-encoder-webm-vorbis: bf7c407c2cedff20999df2af8eb42d56 -> 
  custom:framework-win-MediaFoundation: 216162199b28c13a410421893ffa2e32 -> 
  custom:container-muxer-webm: aa71ff27fc2769a1b78a27578f13a17b -> 
